
> dragonfly-ts@1.0.0 server /Users/bwh/Workspaces/js/ts-test
> ts-node -r tsconfig-paths/register --project config/server/tsconfig.json src/server/main.ts

[2020-07-09T04:45:42.838Z] [debug] LogManager initialized
[2020-07-09T04:45:42.842Z] [debug] NetworkManager initialized
[2020-07-09T04:45:42.842Z] [debug] ChatManager initialized
[2020-07-09T04:45:42.849Z] [info] listening on port 8080
[2020-07-09T04:45:42.849Z] [debug] TimerManager initialized
[2020-07-09T04:45:48.789Z] [debug] read file: ./static/index.html
[2020-07-09T04:45:48.827Z] [debug] read file: static/style.css (text/css)
[2020-07-09T04:45:48.835Z] [debug] read file: build/client/bundle.js (application/javascript)
[2020-07-09T04:45:48.866Z] [debug] accepted connection on socket 0
[2020-07-09T04:45:48.960Z] [debug] waking timer
[2020-07-09T04:45:48.962Z] [debug] dt: 0.00007553701288998127
[2020-07-09T04:45:48.962Z] [debug] receive: {"type":"NetworkMessageEvent","data":{"socket":0,"message":{"type":"SetNameEvent","data":{"name":"Blue-Coyote"}}}}
[2020-07-09T04:45:48.963Z] [debug] player 0 set name to Blue-Coyote
[2020-07-09T04:45:48.981Z] [debug] dt: 0.018151258991565555
[2020-07-09T04:45:48.998Z] [debug] dt: 0.017006943991873413
[2020-07-09T04:45:49.017Z] [debug] dt: 0.01883582101436332
[2020-07-09T04:45:49.037Z] [debug] dt: 0.018819971999619156
[2020-07-09T04:45:49.056Z] [debug] dt: 0.01881712197791785
[2020-07-09T04:45:49.074Z] [debug] dt: 0.017340625054202974
[2020-07-09T04:45:49.091Z] [debug] dt: 0.016706816968508065
[2020-07-09T04:45:49.107Z] [debug] dt: 0.016341172973625362
[2020-07-09T04:45:49.126Z] [debug] dt: 0.017996260023210198
[2020-07-09T04:45:49.144Z] [debug] dt: 0.017982521967496723
[2020-07-09T04:45:49.161Z] [debug] dt: 0.01642159599578008
[2020-07-09T04:45:49.177Z] [debug] dt: 0.016076244006399065
[2020-07-09T04:45:49.198Z] [debug] dt: 0.02015287894755602
[2020-07-09T04:45:49.215Z] [debug] dt: 0.01706622599158436
[2020-07-09T04:45:49.231Z] [debug] dt: 0.016082418034784496
[2020-07-09T04:45:49.250Z] [debug] dt: 0.018066225049551576
[2020-07-09T04:45:49.270Z] [debug] dt: 0.019107047002762556
[2020-07-09T04:45:49.289Z] [debug] dt: 0.018487308989278972
[2020-07-09T04:45:49.307Z] [debug] dt: 0.01835054496768862
[2020-07-09T04:45:49.326Z] [debug] dt: 0.018016626010648906
[2020-07-09T04:45:49.345Z] [debug] dt: 0.018317283014766872
[2020-07-09T04:45:49.362Z] [debug] dt: 0.017531262012198567
[2020-07-09T04:45:49.380Z] [debug] dt: 0.01737193501321599
[2020-07-09T04:45:49.398Z] [debug] dt: 0.01737904001493007
[2020-07-09T04:45:49.416Z] [debug] dt: 0.017528250988107175
[2020-07-09T04:45:49.433Z] [debug] dt: 0.01759364001918584
[2020-07-09T04:45:49.454Z] [debug] dt: 0.019371418980881572
[2020-07-09T04:45:49.471Z] [debug] dt: 0.016316788969561458
[2020-07-09T04:45:49.489Z] [debug] dt: 0.018057795998174697
[2020-07-09T04:45:49.508Z] [debug] dt: 0.018780237005557865
[2020-07-09T04:45:49.527Z] [debug] dt: 0.018421237997245044
[2020-07-09T04:45:49.545Z] [debug] dt: 0.017107677995227277
[2020-07-09T04:45:49.563Z] [debug] dt: 0.018225934996735305
[2020-07-09T04:45:49.584Z] [debug] dt: 0.020132359000854194
[2020-07-09T04:45:49.604Z] [debug] dt: 0.019594427023548633
[2020-07-09T04:45:49.620Z] [debug] dt: 0.016280501964502037
[2020-07-09T04:45:49.638Z] [debug] dt: 0.01695979799842462
[2020-07-09T04:45:49.657Z] [debug] dt: 0.01940859801834449
[2020-07-09T04:45:49.677Z] [debug] dt: 0.018936802982352674
[2020-07-09T04:45:49.694Z] [debug] dt: 0.016662140958942473
[2020-07-09T04:45:49.711Z] [debug] dt: 0.01670267595909536
[2020-07-09T04:45:49.731Z] [debug] dt: 0.01940077100880444
[2020-07-09T04:45:49.749Z] [debug] dt: 0.01735551201272756
[2020-07-09T04:45:49.766Z] [debug] dt: 0.016558545001316816
[2020-07-09T04:45:49.782Z] [debug] dt: 0.01649785798508674
[2020-07-09T04:45:49.802Z] [debug] dt: 0.019126954022794962
[2020-07-09T04:45:49.820Z] [debug] dt: 0.017961549980100244
[2020-07-09T04:45:49.837Z] [debug] dt: 0.01674913801252842
[2020-07-09T04:45:49.856Z] [debug] dt: 0.01812995201908052
[2020-07-09T04:45:49.873Z] [debug] dt: 0.0172739929985255
[2020-07-09T04:45:49.892Z] [debug] dt: 0.018564881989732385
[2020-07-09T04:45:49.909Z] [debug] dt: 0.017014176002703607
[2020-07-09T04:45:49.927Z] [debug] dt: 0.017830583965405822
[2020-07-09T04:45:49.944Z] [debug] dt: 0.016660680004861206
[2020-07-09T04:45:49.961Z] [debug] dt: 0.016727865964639932
[2020-07-09T04:45:49.979Z] [debug] dt: 0.017738076974637806
[2020-07-09T04:45:49.999Z] [debug] dt: 0.01903411204693839
[2020-07-09T04:45:50.016Z] [debug] dt: 0.01633204601239413
[2020-07-09T04:45:50.032Z] [debug] dt: 0.01645029301289469
[2020-07-09T04:45:50.050Z] [debug] dt: 0.017447784019168466
[2020-07-09T04:45:50.069Z] [debug] dt: 0.018155503028538078
[2020-07-09T04:45:50.087Z] [debug] dt: 0.01839957805350423
[2020-07-09T04:45:50.108Z] [debug] dt: 0.020830749010201544
[2020-07-09T04:45:50.127Z] [debug] dt: 0.018905050994362682
[2020-07-09T04:45:50.144Z] [debug] dt: 0.01661828497890383
[2020-07-09T04:45:50.161Z] [debug] dt: 0.016814574017189443
[2020-07-09T04:45:50.180Z] [debug] dt: 0.01828345301328227
[2020-07-09T04:45:50.197Z] [debug] dt: 0.01641834096517414
[2020-07-09T04:45:50.214Z] [debug] dt: 0.01733600301668048
[2020-07-09T04:45:50.233Z] [debug] dt: 0.018932524020783603
[2020-07-09T04:45:50.252Z] [debug] dt: 0.017802399990614504
[2020-07-09T04:45:50.272Z] [debug] dt: 0.02004484599456191
[2020-07-09T04:45:50.291Z] [debug] dt: 0.01842160796513781
[2020-07-09T04:45:50.308Z] [debug] dt: 0.016457068966701627
[2020-07-09T04:45:50.326Z] [debug] dt: 0.018228078028187156
[2020-07-09T04:45:50.344Z] [debug] dt: 0.017901941027957946
[2020-07-09T04:45:50.363Z] [debug] dt: 0.017862690961919725
[2020-07-09T04:45:50.383Z] [debug] dt: 0.020186470996122807
[2020-07-09T04:45:50.402Z] [debug] dt: 0.018927705008536577
[2020-07-09T04:45:50.422Z] [debug] dt: 0.01967913703992963
[2020-07-09T04:45:50.441Z] [debug] dt: 0.018038584967143834
[2020-07-09T04:45:50.459Z] [debug] dt: 0.018385456001851708
[2020-07-09T04:45:50.478Z] [debug] dt: 0.018050910031888634
[2020-07-09T04:45:50.496Z] [debug] dt: 0.018330221995711327
[2020-07-09T04:45:50.513Z] [debug] dt: 0.016940672998316586
[2020-07-09T04:45:50.530Z] [debug] dt: 0.01674618199467659
[2020-07-09T04:45:50.549Z] [debug] dt: 0.018042484996840358
[2020-07-09T04:45:50.566Z] [debug] dt: 0.017285452981013805
[2020-07-09T04:45:50.586Z] [debug] dt: 0.019428932981099933
[2020-07-09T04:45:50.605Z] [debug] dt: 0.018442208995111287
[2020-07-09T04:45:50.624Z] [debug] dt: 0.018710103002376854
[2020-07-09T04:45:50.642Z] [debug] dt: 0.018387636984698474
[2020-07-09T04:45:50.661Z] [debug] dt: 0.01817856595152989
[2020-07-09T04:45:50.681Z] [debug] dt: 0.02020428702235222
[2020-07-09T04:45:50.700Z] [debug] dt: 0.018185664957854897
[2020-07-09T04:45:50.720Z] [debug] dt: 0.020269366970751435
[2020-07-09T04:45:50.739Z] [debug] dt: 0.01781036105239764
[2020-07-09T04:45:50.756Z] [debug] dt: 0.017275875026825815
[2020-07-09T04:45:50.776Z] [debug] dt: 0.01909105305094272
[2020-07-09T04:45:50.794Z] [debug] dt: 0.01765422202879563
[2020-07-09T04:45:50.814Z] [debug] dt: 0.019708522013388574
[2020-07-09T04:45:50.831Z] [debug] dt: 0.017196666973177344
[2020-07-09T04:45:50.851Z] [debug] dt: 0.019030408991966397
[2020-07-09T04:45:50.867Z] [debug] dt: 0.01659801200730726
[2020-07-09T04:45:50.886Z] [debug] dt: 0.01792854897212237
[2020-07-09T04:45:50.908Z] [debug] dt: 0.02191530098207295
[2020-07-09T04:45:50.928Z] [debug] dt: 0.019734330009669065
[2020-07-09T04:45:50.948Z] [debug] dt: 0.020096438995096833
[2020-07-09T04:45:50.966Z] [debug] dt: 0.017348326975479722
[2020-07-09T04:45:50.985Z] [debug] dt: 0.018980940978508443
[2020-07-09T04:45:51.005Z] [debug] dt: 0.019363708037417382
[2020-07-09T04:45:51.023Z] [debug] dt: 0.01754939800594002
[2020-07-09T04:45:51.042Z] [debug] dt: 0.019445076992269605
[2020-07-09T04:45:51.062Z] [debug] dt: 0.019156294991262257
[2020-07-09T04:45:51.080Z] [debug] dt: 0.017508202989120036
[2020-07-09T04:45:51.097Z] [debug] dt: 0.016906893986742944
[2020-07-09T04:45:51.114Z] [debug] dt: 0.016885174030903727
[2020-07-09T04:45:51.132Z] [debug] dt: 0.018036874011158943
[2020-07-09T04:45:51.151Z] [debug] dt: 0.018262230965774506
[2020-07-09T04:45:51.168Z] [debug] dt: 0.017387291009072214
[2020-07-09T04:45:51.188Z] [debug] dt: 0.019224315008614212
[2020-07-09T04:45:51.206Z] [debug] dt: 0.01742217200808227
[2020-07-09T04:45:51.223Z] [debug] dt: 0.016598561021964997
[2020-07-09T04:45:51.240Z] [debug] dt: 0.017192668979987502
[2020-07-09T04:45:51.259Z] [debug] dt: 0.019139262032695115
[2020-07-09T04:45:51.277Z] [debug] dt: 0.017521866015158594
[2020-07-09T04:45:51.295Z] [debug] dt: 0.017890065035317093
[2020-07-09T04:45:51.315Z] [debug] dt: 0.019018034974578768
[2020-07-09T04:45:51.335Z] [debug] dt: 0.020187976013403386
[2020-07-09T04:45:51.356Z] [debug] dt: 0.020152583019807935
[2020-07-09T04:45:51.376Z] [debug] dt: 0.020243081031367183
[2020-07-09T04:45:51.394Z] [debug] dt: 0.017755242995917797
[2020-07-09T04:45:51.412Z] [debug] dt: 0.017802734044380486
[2020-07-09T04:45:51.431Z] [debug] dt: 0.017957795003894717
[2020-07-09T04:45:51.449Z] [debug] dt: 0.01846379099879414
[2020-07-09T04:45:51.470Z] [debug] dt: 0.02018874097848311
[2020-07-09T04:45:51.488Z] [debug] dt: 0.017730110965203494
[2020-07-09T04:45:51.505Z] [debug] dt: 0.017142297991085798
[2020-07-09T04:45:51.522Z] [debug] dt: 0.01695515197934583
[2020-07-09T04:45:51.540Z] [debug] dt: 0.017809000972192734
[2020-07-09T04:45:51.560Z] [debug] dt: 0.01899047300685197
[2020-07-09T04:45:51.579Z] [debug] dt: 0.019148080027662218
[2020-07-09T04:45:51.596Z] [debug] dt: 0.017228093987796456
[2020-07-09T04:45:51.617Z] [debug] dt: 0.02020033198641613
[2020-07-09T04:45:51.635Z] [debug] dt: 0.017387880012392998
[2020-07-09T04:45:51.652Z] [debug] dt: 0.01732338301371783
[2020-07-09T04:45:51.672Z] [debug] dt: 0.019477463967632502
[2020-07-09T04:45:51.689Z] [debug] dt: 0.016877511981874704
[2020-07-09T04:45:51.708Z] [debug] dt: 0.018064690986648202
[2020-07-09T04:45:51.727Z] [debug] dt: 0.019023694971110672
[2020-07-09T04:45:51.747Z] [debug] dt: 0.019757010973989964
[2020-07-09T04:45:51.766Z] [debug] dt: 0.018321871990337968
[2020-07-09T04:45:51.784Z] [debug] dt: 0.017946387000847608
[2020-07-09T04:45:51.802Z] [debug] dt: 0.017416532966308296
[2020-07-09T04:45:51.821Z] [debug] dt: 0.01924768596654758
[2020-07-09T04:45:51.838Z] [debug] dt: 0.016638858010992408
[2020-07-09T04:45:51.856Z] [debug] dt: 0.01787155697820708
[2020-07-09T04:45:51.875Z] [debug] dt: 0.0179301259922795
[2020-07-09T04:45:51.894Z] [debug] dt: 0.01924344600411132
[2020-07-09T04:45:51.911Z] [debug] dt: 0.016717999998945743
[2020-07-09T04:45:51.930Z] [debug] dt: 0.01814903103513643
[2020-07-09T04:45:51.946Z] [debug] dt: 0.016433166980277747
[2020-07-09T04:45:51.965Z] [debug] dt: 0.018143999972380698
[2020-07-09T04:45:51.983Z] [debug] dt: 0.01787298999261111
[2020-07-09T04:45:52.000Z] [debug] dt: 0.01657578902086243
[2020-07-09T04:45:52.016Z] [debug] dt: 0.016268833016511053
[2020-07-09T04:45:52.037Z] [debug] dt: 0.019830307050142437
[2020-07-09T04:45:52.055Z] [debug] dt: 0.01778200699482113
[2020-07-09T04:45:52.072Z] [debug] dt: 0.017142147989943624
[2020-07-09T04:45:52.088Z] [debug] dt: 0.016083048016298562
[2020-07-09T04:45:52.108Z] [debug] dt: 0.019127901003230363
[2020-07-09T04:45:52.127Z] [debug] dt: 0.01861586101585999
[2020-07-09T04:45:52.143Z] [debug] dt: 0.016465573979075998
[2020-07-09T04:45:52.161Z] [debug] dt: 0.01781618600944057
[2020-07-09T04:45:52.179Z] [debug] dt: 0.017326855973806232
[2020-07-09T04:45:52.196Z] [debug] dt: 0.016926943964790553
[2020-07-09T04:45:52.214Z] [debug] dt: 0.01799252297496423
[2020-07-09T04:45:52.233Z] [debug] dt: 0.01865509699564427
[2020-07-09T04:45:52.254Z] [debug] dt: 0.020261134952306747
[2020-07-09T04:45:52.274Z] [debug] dt: 0.019402318983338773
[2020-07-09T04:45:52.293Z] [debug] dt: 0.01851833495311439
[2020-07-09T04:45:52.312Z] [debug] dt: 0.01900524302618578
[2020-07-09T04:45:52.329Z] [debug] dt: 0.016679036954883486
[2020-07-09T04:45:52.350Z] [debug] dt: 0.02020014199661091
[2020-07-09T04:45:52.367Z] [debug] dt: 0.01671889197314158
[2020-07-09T04:45:52.387Z] [debug] dt: 0.020257694006431848
[2020-07-09T04:45:52.407Z] [debug] dt: 0.018783052044454962
[2020-07-09T04:45:52.426Z] [debug] dt: 0.018573858018498868
[2020-07-09T04:45:52.442Z] [debug] dt: 0.016322413051966578
[2020-07-09T04:45:52.460Z] [debug] dt: 0.01743846497265622
[2020-07-09T04:45:52.480Z] [debug] dt: 0.01978765503736213
[2020-07-09T04:45:52.501Z] [debug] dt: 0.020270784036256373
[2020-07-09T04:45:52.520Z] [debug] dt: 0.018713211989961565
[2020-07-09T04:45:52.540Z] [debug] dt: 0.01960527803748846
[2020-07-09T04:45:52.559Z] [debug] dt: 0.018639946007169783
[2020-07-09T04:45:52.577Z] [debug] dt: 0.018323890981264412
[2020-07-09T04:45:52.598Z] [debug] dt: 0.020290476037189364
[2020-07-09T04:45:52.615Z] [debug] dt: 0.017023480031639338
[2020-07-09T04:45:52.632Z] [debug] dt: 0.01679429702926427
[2020-07-09T04:45:52.650Z] [debug] dt: 0.017040113976690918
[2020-07-09T04:45:52.668Z] [debug] dt: 0.01778458704939112
[2020-07-09T04:45:52.687Z] [debug] dt: 0.019092880946118385
[2020-07-09T04:45:52.707Z] [debug] dt: 0.020182769978418946
[2020-07-09T04:45:52.727Z] [debug] dt: 0.018868413055315614
[2020-07-09T04:45:52.746Z] [debug] dt: 0.019133438006974757
[2020-07-09T04:45:52.767Z] [debug] dt: 0.020258028991520405
[2020-07-09T04:45:52.785Z] [debug] dt: 0.01773254299769178
[2020-07-09T04:45:52.804Z] [debug] dt: 0.018108927994035184
[2020-07-09T04:45:52.823Z] [debug] dt: 0.018800381978508085
[2020-07-09T04:45:52.843Z] [debug] dt: 0.019918079022318125
[2020-07-09T04:45:52.862Z] [debug] dt: 0.018649642006494105
[2020-07-09T04:45:52.879Z] [debug] dt: 0.01668890903238207
[2020-07-09T04:45:52.899Z] [debug] dt: 0.01948497397825122
[2020-07-09T04:45:52.915Z] [debug] dt: 0.016375273989979178
[2020-07-09T04:45:52.936Z] [debug] dt: 0.020180389983579516
[2020-07-09T04:45:52.954Z] [debug] dt: 0.01752349000889808
[2020-07-09T04:45:52.974Z] [debug] dt: 0.020249955996405333
[2020-07-09T04:45:52.992Z] [debug] dt: 0.017530607001390308
[2020-07-09T04:45:53.010Z] [debug] dt: 0.017793974024243653
[2020-07-09T04:45:53.028Z] [debug] dt: 0.017255101003684103
[2020-07-09T04:45:53.045Z] [debug] dt: 0.016587938996963203
[2020-07-09T04:45:53.065Z] [debug] dt: 0.019922464969567955
[2020-07-09T04:45:53.083Z] [debug] dt: 0.01812504802364856
[2020-07-09T04:45:53.101Z] [debug] dt: 0.017164718999993056
[2020-07-09T04:45:53.121Z] [debug] dt: 0.019271419965662062
[2020-07-09T04:45:53.138Z] [debug] dt: 0.016545119986403733
[2020-07-09T04:45:53.156Z] [debug] dt: 0.017846862028818578
[2020-07-09T04:45:53.176Z] [debug] dt: 0.020220747974235564
[2020-07-09T04:45:53.197Z] [debug] dt: 0.020239542005583644
[2020-07-09T04:45:53.214Z] [debug] dt: 0.016863444005139172
[2020-07-09T04:45:53.231Z] [debug] dt: 0.016602624964434654
[2020-07-09T04:45:53.248Z] [debug] dt: 0.016588633006904274
[2020-07-09T04:45:53.269Z] [debug] dt: 0.02019621100043878
[2020-07-09T04:45:53.285Z] [debug] dt: 0.016158943995833397
[2020-07-09T04:45:53.305Z] [debug] dt: 0.019802136986982077
[2020-07-09T04:45:53.325Z] [debug] dt: 0.01930809102486819
[2020-07-09T04:45:53.342Z] [debug] dt: 0.01669873303035274
[2020-07-09T04:45:53.361Z] [debug] dt: 0.018238265009131283
[2020-07-09T04:45:53.380Z] [debug] dt: 0.018932630016934127
[2020-07-09T04:45:53.401Z] [debug] dt: 0.02018968400079757
[2020-07-09T04:45:53.421Z] [debug] dt: 0.020260666962713003
[2020-07-09T04:45:53.439Z] [debug] dt: 0.01774465397465974
[2020-07-09T04:45:53.457Z] [debug] dt: 0.017756952962372452
[2020-07-09T04:45:53.475Z] [debug] dt: 0.01700165803777054
[2020-07-09T04:45:53.494Z] [debug] dt: 0.01902027294272557
[2020-07-09T04:45:53.514Z] [debug] dt: 0.018879593000747263
[2020-07-09T04:45:53.532Z] [debug] dt: 0.018069947022013366
[2020-07-09T04:45:53.551Z] [debug] dt: 0.018750114017166197
[2020-07-09T04:45:53.568Z] [debug] dt: 0.017006148991640657
[2020-07-09T04:45:53.587Z] [debug] dt: 0.018711986020207405
[2020-07-09T04:45:53.604Z] [debug] dt: 0.01681457000086084
[2020-07-09T04:45:53.625Z] [debug] dt: 0.019763334013987333
[2020-07-09T04:45:53.645Z] [debug] dt: 0.020259162003640085
[2020-07-09T04:45:53.663Z] [debug] dt: 0.017413809953723103
[2020-07-09T04:45:53.681Z] [debug] dt: 0.017995160014834255
[2020-07-09T04:45:53.699Z] [debug] dt: 0.017296535021159798
[2020-07-09T04:45:53.717Z] [debug] dt: 0.01748138602124527
[2020-07-09T04:45:53.737Z] [debug] dt: 0.01996921800309792
[2020-07-09T04:45:53.755Z] [debug] dt: 0.017414164962247014
[2020-07-09T04:45:53.775Z] [debug] dt: 0.019706346036400646
[2020-07-09T04:45:53.791Z] [debug] dt: 0.016356896026991308
[2020-07-09T04:45:53.808Z] [debug] dt: 0.016616578970570117
[2020-07-09T04:45:53.825Z] [debug] dt: 0.016718244994990528
[2020-07-09T04:45:53.844Z] [debug] dt: 0.01888621604302898
[2020-07-09T04:45:53.863Z] [debug] dt: 0.01788534503430128
[2020-07-09T04:45:53.880Z] [debug] dt: 0.017439478018786758
[2020-07-09T04:45:53.901Z] [debug] dt: 0.02018286200473085
[2020-07-09T04:45:53.918Z] [debug] dt: 0.016479662037454545
[2020-07-09T04:45:53.934Z] [debug] dt: 0.01654192100977525
[2020-07-09T04:45:53.954Z] [debug] dt: 0.01950884301913902
[2020-07-09T04:45:53.975Z] [debug] dt: 0.0202227650443092
[2020-07-09T04:45:53.993Z] [debug] dt: 0.017590620962437242
[2020-07-09T04:45:54.009Z] [debug] dt: 0.01636265602428466
[2020-07-09T04:45:54.028Z] [debug] dt: 0.018069492012728006
[2020-07-09T04:45:54.047Z] [debug] dt: 0.01899599499301985
[2020-07-09T04:45:54.064Z] [debug] dt: 0.016734403965529054
[2020-07-09T04:45:54.083Z] [debug] dt: 0.01876141002867371
[2020-07-09T04:45:54.101Z] [debug] dt: 0.01693981100106612
[2020-07-09T04:45:54.121Z] [debug] dt: 0.020191452000290155
[2020-07-09T04:45:54.140Z] [debug] dt: 0.018198236997704953
[2020-07-09T04:45:54.159Z] [debug] dt: 0.018855740025173873
[2020-07-09T04:45:54.179Z] [debug] dt: 0.01987290004035458
[2020-07-09T04:45:54.198Z] [debug] dt: 0.0185252150404267
[2020-07-09T04:45:54.215Z] [debug] dt: 0.0164558170363307
[2020-07-09T04:45:54.232Z] [debug] dt: 0.01746724301483482
[2020-07-09T04:45:54.249Z] [debug] dt: 0.01665693096583709
[2020-07-09T04:45:54.250Z] [debug] read file: ./static/index.html
[2020-07-09T04:45:54.267Z] [debug] dt: 0.017892243980895728
[2020-07-09T04:45:54.284Z] [debug] dt: 0.01666054700035602
[2020-07-09T04:45:54.291Z] [debug] read file: static/style.css (text/css)
[2020-07-09T04:45:54.300Z] [debug] read file: build/client/bundle.js (application/javascript)
[2020-07-09T04:45:54.303Z] [debug] dt: 0.018688320997171104
[2020-07-09T04:45:54.321Z] [debug] dt: 0.017798252985812724
[2020-07-09T04:45:54.342Z] [debug] dt: 0.02012885903241113
[2020-07-09T04:45:54.359Z] [debug] dt: 0.017004038963932544
[2020-07-09T04:45:54.377Z] [debug] dt: 0.017808008997235447
[2020-07-09T04:45:54.394Z] [debug] accepted connection on socket 1
[2020-07-09T04:45:54.395Z] [debug] dt: 0.017505694995634258
[2020-07-09T04:45:54.415Z] [debug] dt: 0.019671551999635994
[2020-07-09T04:45:54.431Z] [debug] dt: 0.016491386981215328
[2020-07-09T04:45:54.431Z] [debug] receive: {"type":"NetworkMessageEvent","data":{"socket":1,"message":{"type":"SetNameEvent","data":{"name":"Crimson-Barnacle"}}}}
[2020-07-09T04:45:54.431Z] [debug] player 1 set name to Crimson-Barnacle
[2020-07-09T04:45:54.449Z] [debug] dt: 0.017292222008109093
[2020-07-09T04:45:54.469Z] [debug] dt: 0.01992183900438249
[2020-07-09T04:45:54.486Z] [debug] dt: 0.016938763030339032
[2020-07-09T04:45:54.505Z] [debug] dt: 0.01818539999658242
[2020-07-09T04:45:54.522Z] [debug] dt: 0.016339047986548394
[2020-07-09T04:45:54.540Z] [debug] dt: 0.01777878397842869
[2020-07-09T04:45:54.559Z] [debug] dt: 0.019270006974693388
[2020-07-09T04:45:54.578Z] [debug] dt: 0.017946594045497477
[2020-07-09T04:45:54.597Z] [debug] dt: 0.01929877500515431
[2020-07-09T04:45:54.616Z] [debug] dt: 0.018108738004229963
[2020-07-09T04:45:54.636Z] [debug] dt: 0.02004690800094977
[2020-07-09T04:45:54.655Z] [debug] dt: 0.01887708599679172
[2020-07-09T04:45:54.672Z] [debug] dt: 0.016993927012663335
[2020-07-09T04:45:54.692Z] [debug] dt: 0.019401237019337714
[2020-07-09T04:45:54.709Z] [debug] dt: 0.01708943204721436
[2020-07-09T04:45:54.726Z] [debug] dt: 0.016718424041755497
[2020-07-09T04:45:54.746Z] [debug] dt: 0.018816152994986624
[2020-07-09T04:45:54.763Z] [debug] dt: 0.01727495703380555
[2020-07-09T04:45:54.780Z] [debug] dt: 0.01664212899049744
[2020-07-09T04:45:54.797Z] [debug] dt: 0.016737518017180264
[2020-07-09T04:45:54.816Z] [debug] dt: 0.017278661020100117
[2020-07-09T04:45:54.832Z] [debug] dt: 0.016436417994555086
[2020-07-09T04:45:54.851Z] [debug] dt: 0.018021168012637645
[2020-07-09T04:45:54.868Z] [debug] dt: 0.0172687079757452
[2020-07-09T04:45:54.889Z] [debug] dt: 0.02028792497003451
[2020-07-09T04:45:54.906Z] [debug] dt: 0.016313939006067812
[2020-07-09T04:45:54.926Z] [debug] dt: 0.01905731501756236
[2020-07-09T04:45:54.943Z] [debug] dt: 0.017225448973476887
[2020-07-09T04:45:54.963Z] [debug] dt: 0.019076780998148024
[2020-07-09T04:45:54.980Z] [debug] dt: 0.017429615021683276
[2020-07-09T04:45:54.997Z] [debug] dt: 0.016691523022018373
[2020-07-09T04:45:55.015Z] [debug] dt: 0.017222297028638422
[2020-07-09T04:45:55.034Z] [debug] dt: 0.018500442034564912
[2020-07-09T04:45:55.053Z] [debug] dt: 0.01942691602744162
[2020-07-09T04:45:55.071Z] [debug] dt: 0.01773575198603794
[2020-07-09T04:45:55.090Z] [debug] dt: 0.01793554803589359
[2020-07-09T04:45:55.109Z] [debug] dt: 0.01901059498777613
[2020-07-09T04:45:55.127Z] [debug] dt: 0.01803145802114159
[2020-07-09T04:45:55.144Z] [debug] dt: 0.016678704996593297
[2020-07-09T04:45:55.163Z] [debug] dt: 0.01777048403164372
[2020-07-09T04:45:55.179Z] [debug] dt: 0.016297266993205994
[2020-07-09T04:45:55.197Z] [debug] dt: 0.016682334011420608
[2020-07-09T04:45:55.212Z] [debug] dt: 0.015082917001564056
[2020-07-09T04:45:55.229Z] [debug] dt: 0.016773661016486585
[2020-07-09T04:45:55.248Z] [debug] dt: 0.017895722994580865
[2020-07-09T04:45:55.268Z] [debug] dt: 0.0202070870436728
[2020-07-09T04:45:55.289Z] [debug] dt: 0.02027743199141696
[2020-07-09T04:45:55.309Z] [debug] dt: 0.019107286992948502
[2020-07-09T04:45:55.325Z] [debug] dt: 0.016477533034048975
[2020-07-09T04:45:55.344Z] [debug] dt: 0.01785853097680956
[2020-07-09T04:45:55.361Z] [debug] dt: 0.01716548902913928
[2020-07-09T04:45:55.378Z] [debug] dt: 0.016946469026152045
[2020-07-09T04:45:55.396Z] [debug] dt: 0.017382716003339738
[2020-07-09T04:45:55.414Z] [debug] dt: 0.0175876030116342
[2020-07-09T04:45:55.431Z] [debug] dt: 0.01681201596511528
[2020-07-09T04:45:55.449Z] [debug] dt: 0.016937876993324608
[2020-07-09T04:45:55.467Z] [debug] dt: 0.017884043976664543
[2020-07-09T04:45:55.483Z] [debug] dt: 0.016336295986548066
[2020-07-09T04:45:55.503Z] [debug] dt: 0.019487715035211295
[2020-07-09T04:45:55.520Z] [debug] dt: 0.01592915301444009
[2020-07-09T04:45:55.538Z] [debug] dt: 0.017052839044481516
[2020-07-09T04:45:55.555Z] [debug] dt: 0.01672824303386733
[2020-07-09T04:45:55.573Z] [debug] dt: 0.017995927017182112
[2020-07-09T04:45:55.590Z] [debug] dt: 0.016845292993821204
[2020-07-09T04:45:55.610Z] [debug] dt: 0.019800575042609125
[2020-07-09T04:45:55.628Z] [debug] dt: 0.018089580989908427
[2020-07-09T04:45:55.647Z] [debug] dt: 0.018659511988516897
[2020-07-09T04:45:55.665Z] [debug] dt: 0.01685940899187699
[2020-07-09T04:45:55.683Z] [debug] dt: 0.017804813978727907
[2020-07-09T04:45:55.702Z] [debug] dt: 0.018479750026017427
[2020-07-09T04:45:55.721Z] [debug] dt: 0.01933016796829179
[2020-07-09T04:45:55.738Z] [debug] dt: 0.01667250198079273
[2020-07-09T04:45:55.759Z] [debug] dt: 0.020015921036247164
[2020-07-09T04:45:55.777Z] [debug] dt: 0.01750500703928992
[2020-07-09T04:45:55.795Z] [debug] dt: 0.01811576500767842
[2020-07-09T04:45:55.814Z] [debug] dt: 0.01799143699463457
[2020-07-09T04:45:55.830Z] [debug] dt: 0.016332396015059203
[2020-07-09T04:45:55.848Z] [debug] dt: 0.016905376047361642
[2020-07-09T04:45:55.866Z] [debug] dt: 0.017247582029085606
[2020-07-09T04:45:55.883Z] [debug] dt: 0.016486264998093247
[2020-07-09T04:45:55.899Z] [debug] dt: 0.01651265996042639
[2020-07-09T04:45:55.917Z] [debug] dt: 0.01752311398740858
[2020-07-09T04:45:55.934Z] [debug] dt: 0.016023353033233434
[2020-07-09T04:45:55.951Z] [debug] dt: 0.016837833973113447
[2020-07-09T04:45:55.971Z] [debug] dt: 0.019942541024647653
[2020-07-09T04:45:55.990Z] [debug] dt: 0.01804869598709047
[2020-07-09T04:45:56.007Z] [debug] dt: 0.017089978966396302
[2020-07-09T04:45:56.026Z] [debug] dt: 0.017900803999509662
[2020-07-09T04:45:56.044Z] [debug] dt: 0.017670158995315433
[2020-07-09T04:45:56.062Z] [debug] dt: 0.01728986098896712
[2020-07-09T04:45:56.079Z] [debug] dt: 0.016606817953288555
[2020-07-09T04:45:56.098Z] [debug] dt: 0.01871199399465695
[2020-07-09T04:45:56.115Z] [debug] dt: 0.01718041900312528
[2020-07-09T04:45:56.132Z] [debug] dt: 0.016980567015707493
[2020-07-09T04:45:56.153Z] [debug] dt: 0.02024172799428925
[2020-07-09T04:45:56.174Z] [debug] dt: 0.02023187401937321
[2020-07-09T04:45:56.193Z] [debug] dt: 0.018779347010422498
[2020-07-09T04:45:56.212Z] [debug] dt: 0.018535822979174554
[2020-07-09T04:45:56.229Z] [debug] dt: 0.017157278023660183
[2020-07-09T04:45:56.248Z] [debug] dt: 0.017995007045101374
[2020-07-09T04:45:56.265Z] [debug] dt: 0.01699741301126778
[2020-07-09T04:45:56.282Z] [debug] dt: 0.01586387603310868
[2020-07-09T04:45:56.299Z] [debug] dt: 0.0170367420068942
[2020-07-09T04:45:56.319Z] [debug] dt: 0.019710148975718766
[2020-07-09T04:45:56.337Z] [debug] dt: 0.016673350997734815
[2020-07-09T04:45:56.356Z] [debug] dt: 0.018865303019993007
[2020-07-09T04:45:56.373Z] [debug] dt: 0.01669608795782551
[2020-07-09T04:45:56.392Z] [debug] dt: 0.018942807044368237
[2020-07-09T04:45:56.411Z] [debug] dt: 0.018064424977637827
[2020-07-09T04:45:56.429Z] [debug] dt: 0.018005752994213253
[2020-07-09T04:45:56.447Z] [debug] dt: 0.017468474979978055
[2020-07-09T04:45:56.464Z] [debug] dt: 0.01669485802995041
[2020-07-09T04:45:56.482Z] [debug] dt: 0.017143962031695992
[2020-07-09T04:45:56.500Z] [debug] dt: 0.01809693401446566
[2020-07-09T04:45:56.521Z] [debug] dt: 0.020245987980160862
[2020-07-09T04:45:56.540Z] [debug] dt: 0.018081530986819416
[2020-07-09T04:45:56.557Z] [debug] dt: 0.016643688024487346
[2020-07-09T04:45:56.574Z] [debug] dt: 0.01702824200037867
[2020-07-09T04:45:56.591Z] [debug] dt: 0.017039984988514334
[2020-07-09T04:45:56.611Z] [debug] dt: 0.01957187702646479
[2020-07-09T04:45:56.629Z] [debug] dt: 0.01701363001484424
[2020-07-09T04:45:56.645Z] [debug] dt: 0.016440509003587067
[2020-07-09T04:45:56.664Z] [debug] dt: 0.018743546039331704
[2020-07-09T04:45:56.683Z] [debug] dt: 0.0178131049615331
[2020-07-09T04:45:56.702Z] [debug] dt: 0.019264657981693745
[2020-07-09T04:45:56.721Z] [debug] dt: 0.018153272045310587
[2020-07-09T04:45:56.741Z] [debug] dt: 0.019456353038549423
[2020-07-09T04:45:56.758Z] [debug] dt: 0.01751735102152452
[2020-07-09T04:45:56.779Z] [debug] dt: 0.019973869959358126
[2020-07-09T04:45:56.796Z] [debug] dt: 0.016403682006057352
[2020-07-09T04:45:56.816Z] [debug] dt: 0.019524224975612015
[2020-07-09T04:45:56.833Z] [debug] dt: 0.017402325000148267
[2020-07-09T04:45:56.852Z] [debug] dt: 0.017972828005440533
[2020-07-09T04:45:56.871Z] [debug] dt: 0.018573145964182913
[2020-07-09T04:45:56.890Z] [debug] dt: 0.01855506101856008
[2020-07-09T04:45:56.906Z] [debug] dt: 0.016026871046051383
[2020-07-09T04:45:56.923Z] [debug] dt: 0.01682471198728308
[2020-07-09T04:45:56.944Z] [debug] dt: 0.01988359697861597
[2020-07-09T04:45:56.962Z] [debug] dt: 0.016826932958792895
[2020-07-09T04:45:56.981Z] [debug] dt: 0.018922595016192645
[2020-07-09T04:45:57.001Z] [debug] dt: 0.019733016029931605
[2020-07-09T04:45:57.019Z] [debug] dt: 0.017428487015422434
[2020-07-09T04:45:57.039Z] [debug] dt: 0.01913891697768122
[2020-07-09T04:45:57.057Z] [debug] dt: 0.01721134700346738
[2020-07-09T04:45:57.073Z] [debug] dt: 0.0164541500271298
[2020-07-09T04:45:57.093Z] [debug] dt: 0.01893779297824949
[2020-07-09T04:45:57.112Z] [debug] dt: 0.01918252499308437
[2020-07-09T04:45:57.132Z] [debug] dt: 0.019592358032241464
[2020-07-09T04:45:57.150Z] [debug] dt: 0.017285855021327734
[2020-07-09T04:45:57.167Z] [debug] dt: 0.01686781400348991
[2020-07-09T04:45:57.185Z] [debug] dt: 0.017137636023107916
[2020-07-09T04:45:57.203Z] [debug] dt: 0.018387296004220843
[2020-07-09T04:45:57.220Z] [debug] dt: 0.016777266981080174
[2020-07-09T04:45:57.239Z] [debug] dt: 0.018021756026428193
[2020-07-09T04:45:57.259Z] [debug] dt: 0.020220692036673427
[2020-07-09T04:45:57.279Z] [debug] dt: 0.019521517970133573
[2020-07-09T04:45:57.298Z] [debug] dt: 0.018259532982483506
[2020-07-09T04:45:57.316Z] [debug] dt: 0.01795178302563727
[2020-07-09T04:45:57.333Z] [debug] dt: 0.01696436502970755
[2020-07-09T04:45:57.351Z] [debug] dt: 0.017281670996453613
[2020-07-09T04:45:57.370Z] [debug] dt: 0.0191360890166834
[2020-07-09T04:45:57.389Z] [debug] dt: 0.017851927026640624
[2020-07-09T04:45:57.406Z] [debug] dt: 0.01687068899627775
[2020-07-09T04:45:57.423Z] [debug] dt: 0.016721759049687535
[2020-07-09T04:45:57.441Z] [debug] dt: 0.01779439701931551
[2020-07-09T04:45:57.457Z] [debug] dt: 0.01612690498586744
[2020-07-09T04:45:57.477Z] [debug] dt: 0.018786002998240292
[2020-07-09T04:45:57.495Z] [debug] dt: 0.018387012009043247
[2020-07-09T04:45:57.514Z] [debug] dt: 0.018044717027805746
[2020-07-09T04:45:57.514Z] [debug] receive: {"type":"NetworkMessageEvent","data":{"socket":1,"message":{"type":"TextMessageInEvent","data":{"content":"Hello world"}}}}
[2020-07-09T04:45:57.514Z] [info] {"0":"Blue-Coyote","1":"Crimson-Barnacle"}
[2020-07-09T04:45:57.514Z] [info] Hello world
[2020-07-09T04:45:57.532Z] [debug] dt: 0.01720235904213041
[2020-07-09T04:45:57.551Z] [debug] dt: 0.01867470098659396
[2020-07-09T04:45:57.571Z] [debug] dt: 0.019684266997501254
[2020-07-09T04:45:57.591Z] [debug] dt: 0.019786880002357066
[2020-07-09T04:45:57.612Z] [debug] dt: 0.020205650944262743
[2020-07-09T04:45:57.628Z] [debug] dt: 0.016089078970253468
[2020-07-09T04:45:57.646Z] [debug] dt: 0.017451299994718283
[2020-07-09T04:45:57.664Z] [debug] dt: 0.017002372012939304
[2020-07-09T04:45:57.681Z] [debug] dt: 0.016601619019638747
[2020-07-09T04:45:57.700Z] [debug] dt: 0.01907257700804621
[2020-07-09T04:45:57.718Z] [debug] dt: 0.016902048024348915
[2020-07-09T04:45:57.735Z] [debug] dt: 0.016468335990794003
[2020-07-09T04:45:57.751Z] [debug] dt: 0.016422268992755562
[2020-07-09T04:45:57.768Z] [debug] dt: 0.01663795404601842
[2020-07-09T04:45:57.785Z] [debug] dt: 0.016713762015569955
[2020-07-09T04:45:57.804Z] [debug] dt: 0.01793404103955254
[2020-07-09T04:45:57.820Z] [debug] dt: 0.01640055497409776
[2020-07-09T04:45:57.839Z] [debug] dt: 0.018279908981639892
[2020-07-09T04:45:57.856Z] [debug] dt: 0.01697025797329843
[2020-07-09T04:45:57.873Z] [debug] dt: 0.016748669964727014
[2020-07-09T04:45:57.892Z] [debug] dt: 0.018640113004948944
[2020-07-09T04:45:57.912Z] [debug] dt: 0.019444118021056056
[2020-07-09T04:45:57.929Z] [debug] dt: 0.016619672009255737
[2020-07-09T04:45:57.947Z] [debug] dt: 0.016935707011725754
[2020-07-09T04:45:57.965Z] [debug] dt: 0.017715726979076862
[2020-07-09T04:45:57.983Z] [debug] dt: 0.017656059004366398
[2020-07-09T04:45:58.000Z] [debug] dt: 0.016801115998532623
[2020-07-09T04:45:58.018Z] [debug] dt: 0.01779159199213609
[2020-07-09T04:45:58.035Z] [debug] dt: 0.01701373403193429
[2020-07-09T04:45:58.053Z] [debug] dt: 0.017399491975083947
[2020-07-09T04:45:58.071Z] [debug] dt: 0.01834466401487589
[2020-07-09T04:45:58.088Z] [debug] dt: 0.016785510000772774
[2020-07-09T04:45:58.105Z] [debug] dt: 0.016829862957820296
[2020-07-09T04:45:58.125Z] [debug] dt: 0.018967402982525527
[2020-07-09T04:45:58.144Z] [debug] dt: 0.01896815898362547
[2020-07-09T04:45:58.162Z] [debug] dt: 0.016894785047043115
[2020-07-09T04:45:58.181Z] [debug] dt: 0.01859530695946887
[2020-07-09T04:45:58.198Z] [debug] dt: 0.016437249025329947
[2020-07-09T04:45:58.216Z] [debug] dt: 0.017658345052041113
[2020-07-09T04:45:58.232Z] [debug] dt: 0.01652887702221051
[2020-07-09T04:45:58.249Z] [debug] dt: 0.016676968953106552
[2020-07-09T04:45:58.267Z] [debug] dt: 0.016924190043937415
[2020-07-09T04:45:58.285Z] [debug] dt: 0.017003084998577833
[2020-07-09T04:45:58.301Z] [debug] dt: 0.01647883898112923
[2020-07-09T04:45:58.319Z] [debug] dt: 0.01701346004847437
[2020-07-09T04:45:58.337Z] [debug] dt: 0.017860320978797972
[2020-07-09T04:45:58.355Z] [debug] dt: 0.01785506698070094
[2020-07-09T04:45:58.376Z] [debug] dt: 0.02022791001945734
[2020-07-09T04:45:58.395Z] [debug] dt: 0.018720189982559532
[2020-07-09T04:45:58.414Z] [debug] dt: 0.01874204201158136
[2020-07-09T04:45:58.433Z] [debug] dt: 0.018187172012403607
[2020-07-09T04:45:58.449Z] [debug] dt: 0.016202698985580355
[2020-07-09T04:45:58.466Z] [debug] dt: 0.016661575995385647
[2020-07-09T04:45:58.486Z] [debug] dt: 0.018714844016358256
[2020-07-09T04:45:58.502Z] [debug] dt: 0.016394925012718886
[2020-07-09T04:45:58.520Z] [debug] dt: 0.01722768199397251
[2020-07-09T04:45:58.536Z] [debug] dt: 0.016123466019053012
[2020-07-09T04:45:58.556Z] [debug] dt: 0.01877825998235494
[2020-07-09T04:45:58.573Z] [debug] dt: 0.01723945199046284
[2020-07-09T04:45:58.591Z] [debug] dt: 0.018102344998624176
[2020-07-09T04:45:58.610Z] [debug] dt: 0.017747937003150582
[2020-07-09T04:45:58.627Z] [debug] dt: 0.016646812029648572
[2020-07-09T04:45:58.647Z] [debug] dt: 0.02014084201073274
[2020-07-09T04:45:58.666Z] [debug] dt: 0.018447706999722868
[2020-07-09T04:45:58.683Z] [debug] dt: 0.016399297048337758
[2020-07-09T04:45:58.699Z] [debug] dt: 0.01635853899642825
[2020-07-09T04:45:58.717Z] [debug] dt: 0.01784222398418933
[2020-07-09T04:45:58.736Z] [debug] dt: 0.01834831602172926
[2020-07-09T04:45:58.754Z] [debug] dt: 0.017415259964764118
[2020-07-09T04:45:58.773Z] [debug] dt: 0.018708592979237437
[2020-07-09T04:45:58.794Z] [debug] dt: 0.020260318007785827
[2020-07-09T04:45:58.810Z] [debug] dt: 0.016337941982783377
[2020-07-09T04:45:58.831Z] [debug] dt: 0.019650837988592684
[2020-07-09T04:45:58.848Z] [debug] dt: 0.01691452000522986
[2020-07-09T04:45:58.865Z] [debug] dt: 0.017043080006260425
[2020-07-09T04:45:58.883Z] [debug] dt: 0.01788094697985798
[2020-07-09T04:45:58.903Z] [debug] dt: 0.019621905987150967
[2020-07-09T04:45:58.923Z] [debug] dt: 0.018477033998351544
[2020-07-09T04:45:58.941Z] [debug] dt: 0.018042673997115344
[2020-07-09T04:45:58.959Z] [debug] dt: 0.017038916994351894
[2020-07-09T04:45:58.976Z] [debug] dt: 0.01686753600370139
[2020-07-09T04:45:58.993Z] [debug] dt: 0.016977683000732213
[2020-07-09T04:45:59.012Z] [debug] dt: 0.018640266032889485
[2020-07-09T04:45:59.030Z] [debug] dt: 0.016996858990751207
[2020-07-09T04:45:59.048Z] [debug] dt: 0.018195121025200933
[2020-07-09T04:45:59.066Z] [debug] dt: 0.016850868007168174
[2020-07-09T04:45:59.084Z] [debug] dt: 0.01653002598322928
[2020-07-09T04:45:59.103Z] [debug] dt: 0.01840224303305149
[2020-07-09T04:45:59.122Z] [debug] dt: 0.018213495961390436
[2020-07-09T04:45:59.141Z] [debug] dt: 0.019296427024528384
[2020-07-09T04:45:59.160Z] [debug] dt: 0.01805681799305603
[2020-07-09T04:45:59.181Z] [debug] dt: 0.020199682970996946
[2020-07-09T04:45:59.200Z] [debug] dt: 0.018691788020078093
[2020-07-09T04:45:59.219Z] [debug] dt: 0.019644457031972706
[2020-07-09T04:45:59.239Z] [debug] dt: 0.01927109999815002
[2020-07-09T04:45:59.256Z] [debug] dt: 0.017175382003188133
[2020-07-09T04:45:59.275Z] [debug] dt: 0.017882978019770235
[2020-07-09T04:45:59.295Z] [debug] dt: 0.020225232001394033
[2020-07-09T04:45:59.314Z] [debug] dt: 0.01851201697718352
[2020-07-09T04:45:59.331Z] [debug] dt: 0.016508784028701484
[2020-07-09T04:45:59.349Z] [debug] dt: 0.01736545597668737
[2020-07-09T04:45:59.365Z] [debug] dt: 0.01629480900010094
[2020-07-09T04:45:59.382Z] [debug] dt: 0.01658237900119275
[2020-07-09T04:45:59.400Z] [debug] dt: 0.017770648992154747
[2020-07-09T04:45:59.420Z] [debug] dt: 0.01925787201616913
[2020-07-09T04:45:59.436Z] [debug] dt: 0.015818467014469206
[2020-07-09T04:45:59.453Z] [debug] dt: 0.01677883497904986
[2020-07-09T04:45:59.472Z] [debug] dt: 0.018011863983701915
[2020-07-09T04:45:59.492Z] [debug] dt: 0.019930525973904878
[2020-07-09T04:45:59.512Z] [debug] dt: 0.02006345399422571
[2020-07-09T04:45:59.531Z] [debug] dt: 0.018348634999711066
[2020-07-09T04:45:59.550Z] [debug] dt: 0.018046534969471395
[2020-07-09T04:45:59.566Z] [debug] dt: 0.01641142403241247
[2020-07-09T04:45:59.587Z] [debug] dt: 0.019868360017426312
[2020-07-09T04:45:59.606Z] [debug] dt: 0.019170316983945668
[2020-07-09T04:45:59.627Z] [debug] dt: 0.02018967201001942
[2020-07-09T04:45:59.644Z] [debug] dt: 0.01677672500954941
[2020-07-09T04:45:59.663Z] [debug] dt: 0.018373456958215684
[2020-07-09T04:45:59.681Z] [debug] dt: 0.017434326000511646
[2020-07-09T04:45:59.698Z] [debug] dt: 0.016423943045083433
[2020-07-09T04:45:59.715Z] [debug] dt: 0.016879950009752065
[2020-07-09T04:45:59.732Z] [debug] dt: 0.016414589015766978
[2020-07-09T04:45:59.750Z] [debug] dt: 0.01762439898448065
[2020-07-09T04:45:59.770Z] [debug] dt: 0.020100932975765318
[2020-07-09T04:45:59.786Z] [debug] dt: 0.016103624016977847
[2020-07-09T04:45:59.803Z] [debug] dt: 0.016845634032506496
[2020-07-09T04:45:59.821Z] [debug] dt: 0.0174169730162248
[2020-07-09T04:45:59.838Z] [debug] dt: 0.017003553977701813
[2020-07-09T04:45:59.856Z] [debug] dt: 0.017101428005844355
[2020-07-09T04:45:59.876Z] [debug] dt: 0.02003778301877901
[2020-07-09T04:45:59.895Z] [debug] dt: 0.018287611019331962
[2020-07-09T04:45:59.914Z] [debug] dt: 0.019126639992464334
[2020-07-09T04:45:59.931Z] [debug] dt: 0.01688194298185408
[2020-07-09T04:45:59.950Z] [debug] dt: 0.018295022018719465
[2020-07-09T04:45:59.970Z] [debug] dt: 0.020035105000715703
[2020-07-09T04:45:59.988Z] [debug] dt: 0.01694037497509271
[2020-07-09T04:46:00.007Z] [debug] dt: 0.019433061010204256
[2020-07-09T04:46:00.025Z] [debug] dt: 0.017410740023478866
[2020-07-09T04:46:00.043Z] [debug] dt: 0.01773243199568242
[2020-07-09T04:46:00.060Z] [debug] dt: 0.016760803991928697
[2020-07-09T04:46:00.080Z] [debug] dt: 0.019328116963151842
[2020-07-09T04:46:00.098Z] [debug] dt: 0.017845541995484382
[2020-07-09T04:46:00.116Z] [debug] dt: 0.01677095500053838
[2020-07-09T04:46:00.132Z] [debug] dt: 0.01574311696458608
[2020-07-09T04:46:00.149Z] [debug] dt: 0.017050219990778714
[2020-07-09T04:46:00.166Z] [debug] dt: 0.016538158990442753
[2020-07-09T04:46:00.185Z] [debug] dt: 0.017984742007683963
[2020-07-09T04:46:00.204Z] [debug] dt: 0.019361081009265035
[2020-07-09T04:46:00.221Z] [debug] dt: 0.016666884999722242
[2020-07-09T04:46:00.240Z] [debug] dt: 0.018814072012901306
[2020-07-09T04:46:00.260Z] [debug] dt: 0.01916809001704678
[2020-07-09T04:46:00.278Z] [debug] dt: 0.017969025997444987
[2020-07-09T04:46:00.299Z] [debug] dt: 0.0199779300019145
[2020-07-09T04:46:00.317Z] [debug] dt: 0.017883982975035906
[2020-07-09T04:46:00.333Z] [debug] dt: 0.016153146978467703
[2020-07-09T04:46:00.352Z] [debug] dt: 0.018703574023675174
[2020-07-09T04:46:00.371Z] [debug] dt: 0.017841085034888238
[2020-07-09T04:46:00.387Z] [debug] dt: 0.016472598013933748
[2020-07-09T04:46:00.404Z] [debug] dt: 0.016702474968042225
[2020-07-09T04:46:00.421Z] [debug] dt: 0.016680906002875417
[2020-07-09T04:46:00.438Z] [debug] dt: 0.01670940703479573
[2020-07-09T04:46:00.456Z] [debug] dt: 0.017021943989675492
[2020-07-09T04:46:00.475Z] [debug] dt: 0.01876484602689743
[2020-07-09T04:46:00.495Z] [debug] dt: 0.02022262499667704
[2020-07-09T04:46:00.514Z] [debug] dt: 0.017847815004643053
[2020-07-09T04:46:00.534Z] [debug] dt: 0.01961986697278917
[2020-07-09T04:46:00.551Z] [debug] dt: 0.017145038000307977
[2020-07-09T04:46:00.569Z] [debug] dt: 0.016929170000366867
[2020-07-09T04:46:00.588Z] [debug] dt: 0.019387670967262238
[2020-07-09T04:46:00.607Z] [debug] dt: 0.018023696960881352
[2020-07-09T04:46:00.626Z] [debug] dt: 0.019037013000342995
[2020-07-09T04:46:00.644Z] [debug] dt: 0.017689213040284812
[2020-07-09T04:46:00.663Z] [debug] dt: 0.01832710101734847
[2020-07-09T04:46:00.681Z] [debug] dt: 0.018256234005093575
[2020-07-09T04:46:00.699Z] [debug] dt: 0.01693172100931406
[2020-07-09T04:46:00.699Z] [debug] receive: {"type":"NetworkMessageEvent","data":{"socket":0,"message":{"type":"TextMessageInEvent","data":{"content":"Hi"}}}}
[2020-07-09T04:46:00.699Z] [info] {"0":"Blue-Coyote","1":"Crimson-Barnacle"}
[2020-07-09T04:46:00.699Z] [info] Hi
[2020-07-09T04:46:00.717Z] [debug] dt: 0.017604369029868394
[2020-07-09T04:46:00.735Z] [debug] dt: 0.017777151020709425
[2020-07-09T04:46:00.753Z] [debug] dt: 0.017670825007371604
[2020-07-09T04:46:00.771Z] [debug] dt: 0.0178996249451302
[2020-07-09T04:46:00.788Z] [debug] dt: 0.016596616012975574
[2020-07-09T04:46:00.805Z] [debug] dt: 0.016847598017193377
[2020-07-09T04:46:00.824Z] [debug] dt: 0.01830905396491289
[2020-07-09T04:46:00.841Z] [debug] dt: 0.017068768967874348
[2020-07-09T04:46:00.859Z] [debug] dt: 0.01797840098151937
[2020-07-09T04:46:00.879Z] [debug] dt: 0.019103226019069552
[2020-07-09T04:46:00.899Z] [debug] dt: 0.019052536983508617
[2020-07-09T04:46:00.916Z] [debug] dt: 0.01701055996818468
[2020-07-09T04:46:00.934Z] [debug] dt: 0.01747797295683995
[2020-07-09T04:46:00.954Z] [debug] dt: 0.020110971003305167
[2020-07-09T04:46:00.973Z] [debug] dt: 0.017952217953279614
[2020-07-09T04:46:00.990Z] [debug] dt: 0.017313260002993047
[2020-07-09T04:46:01.008Z] [debug] dt: 0.01735399302560836
[2020-07-09T04:46:01.024Z] [debug] dt: 0.01604793797014281
[2020-07-09T04:46:01.041Z] [debug] dt: 0.01680455298628658
[2020-07-09T04:46:01.059Z] [debug] dt: 0.01732732099480927
[2020-07-09T04:46:01.080Z] [debug] dt: 0.020180643012281507
[2020-07-09T04:46:01.099Z] [debug] dt: 0.019056721997912973
[2020-07-09T04:46:01.116Z] [debug] dt: 0.016893400985281914
[2020-07-09T04:46:01.134Z] [debug] dt: 0.016827007988467813
[2020-07-09T04:46:01.152Z] [debug] dt: 0.017443351971451193
[2020-07-09T04:46:01.168Z] [debug] dt: 0.016341078968252987
[2020-07-09T04:46:01.185Z] [debug] dt: 0.016635214036796242
[2020-07-09T04:46:01.205Z] [debug] dt: 0.019400749006308615
[2020-07-09T04:46:01.226Z] [debug] dt: 0.02000354795018211
[2020-07-09T04:46:01.242Z] [debug] dt: 0.016387412964832038
[2020-07-09T04:46:01.260Z] [debug] dt: 0.01721191598335281
[2020-07-09T04:46:01.279Z] [debug] dt: 0.01833753299433738
[2020-07-09T04:46:01.297Z] [debug] dt: 0.01757920498494059
[2020-07-09T04:46:01.315Z] [debug] dt: 0.01808325300225988
[2020-07-09T04:46:01.333Z] [debug] dt: 0.01714988495223224
[2020-07-09T04:46:01.351Z] [debug] dt: 0.018043300020508468
[2020-07-09T04:46:01.369Z] [debug] dt: 0.018038916983641684
[2020-07-09T04:46:01.389Z] [debug] dt: 0.019339094986207783
[2020-07-09T04:46:01.406Z] [debug] dt: 0.016988139017485082
[2020-07-09T04:46:01.424Z] [debug] dt: 0.017658216995187104
[2020-07-09T04:46:01.442Z] [debug] dt: 0.017746530997101218
[2020-07-09T04:46:01.461Z] [debug] dt: 0.01853958104038611
[2020-07-09T04:46:01.478Z] [debug] dt: 0.01687431102618575
[2020-07-09T04:46:01.497Z] [debug] dt: 0.017926489003002644
[2020-07-09T04:46:01.517Z] [debug] dt: 0.01978128304472193
[2020-07-09T04:46:01.534Z] [debug] dt: 0.016797763004433364
[2020-07-09T04:46:01.551Z] [debug] dt: 0.016412179975304753
[2020-07-09T04:46:01.569Z] [debug] dt: 0.01734060305170715
[2020-07-09T04:46:01.587Z] [debug] dt: 0.017908906971570104
[2020-07-09T04:46:01.603Z] [debug] dt: 0.016230862005613744
[2020-07-09T04:46:01.623Z] [debug] dt: 0.018877396010793746
[2020-07-09T04:46:01.641Z] [debug] dt: 0.017718433984555304
[2020-07-09T04:46:01.658Z] [debug] dt: 0.01739738101605326
[2020-07-09T04:46:01.675Z] [debug] dt: 0.01655160600785166
[2020-07-09T04:46:01.694Z] [debug] dt: 0.01862015697406605
[2020-07-09T04:46:01.711Z] [debug] dt: 0.016818261006847024
[2020-07-09T04:46:01.730Z] [debug] dt: 0.018003739009145647
[2020-07-09T04:46:01.747Z] [debug] dt: 0.01720741600729525
[2020-07-09T04:46:01.765Z] [debug] dt: 0.01769532705657184
[2020-07-09T04:46:01.783Z] [debug] dt: 0.017570641008205712
[2020-07-09T04:46:01.802Z] [debug] dt: 0.01833428500685841
[2020-07-09T04:46:01.819Z] [debug] dt: 0.01700462301960215
[2020-07-09T04:46:01.839Z] [debug] dt: 0.018884330987930298
[2020-07-09T04:46:01.855Z] [debug] dt: 0.016045572992879897
[2020-07-09T04:46:01.873Z] [debug] dt: 0.016850233951117843
[2020-07-09T04:46:01.889Z] [debug] dt: 0.016415000020060688
[2020-07-09T04:46:01.908Z] [debug] dt: 0.018101047025993466
[2020-07-09T04:46:01.924Z] [debug] dt: 0.016271365981083363
[2020-07-09T04:46:01.943Z] [debug] dt: 0.018129523028619587
[2020-07-09T04:46:01.960Z] [debug] dt: 0.016449604008812457
[2020-07-09T04:46:01.979Z] [debug] dt: 0.018734392011538148
[2020-07-09T04:46:01.997Z] [debug] dt: 0.017667924985289574
[2020-07-09T04:46:02.014Z] [debug] dt: 0.01717127801384777
[2020-07-09T04:46:02.033Z] [debug] dt: 0.01854542299406603
[2020-07-09T04:46:02.052Z] [debug] dt: 0.018442908010911196
[2020-07-09T04:46:02.068Z] [debug] dt: 0.015471831953618675
[2020-07-09T04:46:02.087Z] [debug] dt: 0.017981772019993514
[2020-07-09T04:46:02.106Z] [debug] dt: 0.018294046982191503
[2020-07-09T04:46:02.124Z] [debug] dt: 0.017717197013553232
[2020-07-09T04:46:02.142Z] [debug] dt: 0.018104098038747907
[2020-07-09T04:46:02.158Z] [debug] dt: 0.016065242001786828
[2020-07-09T04:46:02.176Z] [debug] dt: 0.017721351992804557
[2020-07-09T04:46:02.194Z] [debug] dt: 0.017756040033418685
[2020-07-09T04:46:02.215Z] [debug] dt: 0.02017507399432361
[2020-07-09T04:46:02.232Z] [debug] dt: 0.01699514000210911
[2020-07-09T04:46:02.234Z] [debug] disconnected socket 1
[2020-07-09T04:46:02.250Z] [debug] dt: 0.01784767600474879
[2020-07-09T04:46:02.268Z] [debug] dt: 0.017445768986362964
[2020-07-09T04:46:02.287Z] [debug] dt: 0.018047687015496194
[2020-07-09T04:46:02.303Z] [debug] dt: 0.016451866016723216
[2020-07-09T04:46:02.320Z] [debug] dt: 0.0168151970137842
[2020-07-09T04:46:02.337Z] [debug] dt: 0.01678526500472799
[2020-07-09T04:46:02.355Z] [debug] dt: 0.017529461008962244
[2020-07-09T04:46:02.374Z] [debug] dt: 0.018446822999976575
[2020-07-09T04:46:02.393Z] [debug] dt: 0.019219986046664417
[2020-07-09T04:46:02.412Z] [debug] dt: 0.01805720798438415
[2020-07-09T04:46:02.428Z] [debug] dt: 0.016608381003607064
[2020-07-09T04:46:02.446Z] [debug] dt: 0.017066023021470755
[2020-07-09T04:46:02.462Z] [debug] dt: 0.0162682460504584
[2020-07-09T04:46:02.479Z] [debug] dt: 0.01680051098810509
[2020-07-09T04:46:02.497Z] [debug] dt: 0.017455803987104446
[2020-07-09T04:46:02.517Z] [debug] dt: 0.01963952201185748
[2020-07-09T04:46:02.536Z] [debug] dt: 0.018162859021686018
[2020-07-09T04:46:02.553Z] [debug] dt: 0.017009813978802413
[2020-07-09T04:46:02.571Z] [debug] dt: 0.018152980017475784
[2020-07-09T04:46:02.591Z] [debug] dt: 0.019746636040508747
[2020-07-09T04:46:02.609Z] [debug] dt: 0.017855250975117087
[2020-07-09T04:46:02.628Z] [debug] dt: 0.018655999039765447
[2020-07-09T04:46:02.647Z] [debug] dt: 0.01807482703588903
[2020-07-09T04:46:02.664Z] [debug] dt: 0.017512245976831764
[2020-07-09T04:46:02.681Z] [debug] dt: 0.01676737901289016
[2020-07-09T04:46:02.700Z] [debug] dt: 0.018256350012961775
[2020-07-09T04:46:02.720Z] [debug] dt: 0.01928572601173073
[2020-07-09T04:46:02.740Z] [debug] dt: 0.019517495995387435
[2020-07-09T04:46:02.756Z] [debug] dt: 0.01646210899343714
[2020-07-09T04:46:02.774Z] [debug] dt: 0.017364525992888957
[2020-07-09T04:46:02.791Z] [debug] dt: 0.016843582969158888
[2020-07-09T04:46:02.810Z] [debug] dt: 0.018184878048487008
[2020-07-09T04:46:02.828Z] [debug] dt: 0.017755632987245917
[2020-07-09T04:46:02.845Z] [debug] dt: 0.016505228995811194
[2020-07-09T04:46:02.862Z] [debug] dt: 0.016255416034255177
[2020-07-09T04:46:02.879Z] [debug] dt: 0.016593270003795624
[2020-07-09T04:46:02.897Z] [debug] dt: 0.018286061997059733
[2020-07-09T04:46:02.915Z] [debug] dt: 0.01783871604129672
[2020-07-09T04:46:02.935Z] [debug] dt: 0.01906272699125111
[2020-07-09T04:46:02.953Z] [debug] dt: 0.017468456993810833
[2020-07-09T04:46:02.971Z] [debug] dt: 0.017781250993721187
[2020-07-09T04:46:02.991Z] [debug] dt: 0.020181806990876794
[2020-07-09T04:46:03.008Z] [debug] dt: 0.016806085943244398
[2020-07-09T04:46:03.027Z] [debug] dt: 0.01828256598673761
[2020-07-09T04:46:03.043Z] [debug] dt: 0.016479928977787495
[2020-07-09T04:46:03.061Z] [debug] dt: 0.016825500992126763
[2020-07-09T04:46:03.077Z] [debug] dt: 0.015867669018916786
[2020-07-09T04:46:03.094Z] [debug] dt: 0.01719019701704383
[2020-07-09T04:46:03.111Z] [debug] dt: 0.016573761007748544
[2020-07-09T04:46:03.128Z] [debug] dt: 0.016682854969985783
[2020-07-09T04:46:03.147Z] [debug] dt: 0.01895000401418656
[2020-07-09T04:46:03.167Z] [debug] dt: 0.019684674974996597
[2020-07-09T04:46:03.185Z] [debug] dt: 0.01686010102275759
[2020-07-09T04:46:03.202Z] [debug] dt: 0.017198015993926674
[2020-07-09T04:46:03.223Z] [debug] dt: 0.02022725500864908
[2020-07-09T04:46:03.241Z] [debug] dt: 0.017863112967461348
[2020-07-09T04:46:03.261Z] [debug] dt: 0.019346432003658265
[2020-07-09T04:46:03.281Z] [debug] dt: 0.019506392010953277
[2020-07-09T04:46:03.298Z] [debug] dt: 0.016911908984184265
[2020-07-09T04:46:03.317Z] [debug] dt: 0.018344960000831634
[2020-07-09T04:46:03.336Z] [debug] dt: 0.0190976049634628
[2020-07-09T04:46:03.356Z] [debug] dt: 0.01901670399820432
[2020-07-09T04:46:03.375Z] [debug] dt: 0.01857795601245016
[2020-07-09T04:46:03.391Z] [debug] dt: 0.016382887959480286
[2020-07-09T04:46:03.410Z] [debug] dt: 0.01796695898519829
[2020-07-09T04:46:03.426Z] [debug] dt: 0.016492319002281874
[2020-07-09T04:46:03.443Z] [debug] dt: 0.016809064021799713
[2020-07-09T04:46:03.461Z] [debug] dt: 0.017645442974753678
[2020-07-09T04:46:03.480Z] [debug] dt: 0.017931637994479388
[2020-07-09T04:46:03.496Z] [debug] dt: 0.01640136999776587
[2020-07-09T04:46:03.515Z] [debug] dt: 0.018085137009620667
[2020-07-09T04:46:03.532Z] [debug] dt: 0.017297373968176544
[2020-07-09T04:46:03.551Z] [debug] dt: 0.018310935993213207
[2020-07-09T04:46:03.571Z] [debug] dt: 0.01937520899809897
[2020-07-09T04:46:03.588Z] [debug] dt: 0.01704451598925516
[2020-07-09T04:46:03.606Z] [debug] dt: 0.017680725024547428
[2020-07-09T04:46:03.626Z] [debug] dt: 0.019477608031593263
[2020-07-09T04:46:03.643Z] [debug] dt: 0.017004374996758997
[2020-07-09T04:46:03.661Z] [debug] dt: 0.017162557982373983
[2020-07-09T04:46:03.679Z] [debug] dt: 0.01766412699362263
[2020-07-09T04:46:03.695Z] [debug] dt: 0.015995317022316158
[2020-07-09T04:46:03.716Z] [debug] dt: 0.019937802979256958
[2020-07-09T04:46:03.735Z] [debug] dt: 0.018628744990564883
[2020-07-09T04:46:03.753Z] [debug] dt: 0.018203019979409873
[2020-07-09T04:46:03.774Z] [debug] dt: 0.02001469599781558
[2020-07-09T04:46:03.791Z] [debug] dt: 0.01640690298518166
[2020-07-09T04:46:03.810Z] [debug] dt: 0.01886610797373578
[2020-07-09T04:46:03.826Z] [debug] dt: 0.016410302952863276
[2020-07-09T04:46:03.844Z] [debug] dt: 0.017720394011121243
[2020-07-09T04:46:03.861Z] [debug] dt: 0.0163066879613325
[2020-07-09T04:46:03.878Z] [debug] dt: 0.016430356015916914
[2020-07-09T04:46:03.896Z] [debug] dt: 0.01789527799701318
[2020-07-09T04:46:03.913Z] [debug] dt: 0.01663399499375373
[2020-07-09T04:46:03.934Z] [debug] dt: 0.020254475995898247
[2020-07-09T04:46:03.951Z] [debug] dt: 0.016854638990480453
[2020-07-09T04:46:03.971Z] [debug] dt: 0.01958034699782729
[2020-07-09T04:46:03.990Z] [debug] dt: 0.01826767297461629
[2020-07-09T04:46:04.007Z] [debug] dt: 0.017430238949600607
[2020-07-09T04:46:04.026Z] [debug] dt: 0.017934539006091654
[2020-07-09T04:46:04.043Z] [debug] dt: 0.01736154203535989
[2020-07-09T04:46:04.062Z] [debug] dt: 0.0179630090133287
[2020-07-09T04:46:04.079Z] [debug] dt: 0.01640487799886614
[2020-07-09T04:46:04.095Z] [debug] dt: 0.015902269980870187
[2020-07-09T04:46:04.111Z] [debug] dt: 0.015338006021920592
[2020-07-09T04:46:04.131Z] [debug] dt: 0.019200522976461798
[2020-07-09T04:46:04.148Z] [debug] dt: 0.017473565007094294
[2020-07-09T04:46:04.165Z] [debug] dt: 0.016661173955071718
[2020-07-09T04:46:04.185Z] [debug] dt: 0.019515861989930272
[2020-07-09T04:46:04.204Z] [debug] dt: 0.018591154017485678
[2020-07-09T04:46:04.221Z] [debug] dt: 0.01661222497932613
[2020-07-09T04:46:04.241Z] [debug] dt: 0.019533570972271264
[2020-07-09T04:46:04.259Z] [debug] dt: 0.017616260971408337
[2020-07-09T04:46:04.277Z] [debug] dt: 0.017784841009415686
[2020-07-09T04:46:04.294Z] [debug] dt: 0.016683174995705485
[2020-07-09T04:46:04.311Z] [debug] dt: 0.016865426034200937
[2020-07-09T04:46:04.330Z] [debug] dt: 0.01798631204292178
[2020-07-09T04:46:04.347Z] [debug] dt: 0.01751525397412479
[2020-07-09T04:46:04.364Z] [debug] dt: 0.016780350008048117
[2020-07-09T04:46:04.385Z] [debug] dt: 0.02023445797385648
[2020-07-09T04:46:04.406Z] [debug] dt: 0.02027559099951759
[2020-07-09T04:46:04.424Z] [debug] dt: 0.018332900013774633
[2020-07-09T04:46:04.443Z] [debug] dt: 0.017953114002011716
[2020-07-09T04:46:04.459Z] [debug] dt: 0.01649436994921416
[2020-07-09T04:46:04.477Z] [debug] dt: 0.016809755004942417
[2020-07-09T04:46:04.494Z] [debug] dt: 0.01679033599793911
[2020-07-09T04:46:04.512Z] [debug] dt: 0.017763698007911444
[2020-07-09T04:46:04.528Z] [debug] dt: 0.016487901972141117
[2020-07-09T04:46:04.545Z] [debug] dt: 0.016792351962067187
[2020-07-09T04:46:04.546Z] [debug] receive: {"type":"NetworkMessageEvent","data":{"socket":0,"message":{"type":"TextMessageInEvent","data":{"content":"Test"}}}}
[2020-07-09T04:46:04.546Z] [info] {"0":"Blue-Coyote","1":"Crimson-Barnacle"}
[2020-07-09T04:46:04.546Z] [info] Test
[2020-07-09T04:46:04.564Z] [debug] dt: 0.017564828973263502
[2020-07-09T04:46:04.581Z] [debug] dt: 0.017141598975285888
[2020-07-09T04:46:04.600Z] [debug] dt: 0.019076511031016707
[2020-07-09T04:46:04.620Z] [debug] dt: 0.018967225041706115
[2020-07-09T04:46:04.636Z] [debug] dt: 0.01610898901708424
[2020-07-09T04:46:04.654Z] [debug] dt: 0.01683527900604531
[2020-07-09T04:46:04.674Z] [debug] dt: 0.02019523101625964
[2020-07-09T04:46:04.693Z] [debug] dt: 0.018292011984158307
[2020-07-09T04:46:04.710Z] [debug] dt: 0.017091805988457054
[2020-07-09T04:46:04.727Z] [debug] dt: 0.016912542982026935
[2020-07-09T04:46:04.746Z] [debug] dt: 0.018104173010215163
[2020-07-09T04:46:04.764Z] [debug] dt: 0.01745813700836152
[2020-07-09T04:46:04.781Z] [debug] dt: 0.016022550000343472
[2020-07-09T04:46:04.797Z] [debug] dt: 0.016315115964971483
[2020-07-09T04:46:04.816Z] [debug] dt: 0.018576845002826303
[2020-07-09T04:46:04.836Z] [debug] dt: 0.019888346956577152
[2020-07-09T04:46:04.856Z] [debug] dt: 0.01979533996200189
[2020-07-09T04:46:04.876Z] [debug] dt: 0.019426252983976156
[2020-07-09T04:46:04.894Z] [debug] dt: 0.01775741297751665
[2020-07-09T04:46:04.914Z] [debug] dt: 0.018950922007206827
[2020-07-09T04:46:04.932Z] [debug] dt: 0.017524254973977804
[2020-07-09T04:46:04.949Z] [debug] dt: 0.01631702098529786
[2020-07-09T04:46:04.965Z] [debug] dt: 0.016432762960903347
[2020-07-09T04:46:04.984Z] [debug] dt: 0.018640530004631728
[2020-07-09T04:46:05.003Z] [debug] dt: 0.018188450019806623
[2020-07-09T04:46:05.020Z] [debug] dt: 0.016394391015637666
[2020-07-09T04:46:05.039Z] [debug] dt: 0.018605907971505076
[2020-07-09T04:46:05.059Z] [debug] dt: 0.020189216011203825
[2020-07-09T04:46:05.078Z] [debug] dt: 0.018127041985280812
[2020-07-09T04:46:05.097Z] [debug] dt: 0.018734527984634042
[2020-07-09T04:46:05.114Z] [debug] dt: 0.016122483008075505
[2020-07-09T04:46:05.132Z] [debug] dt: 0.018160031002480537
[2020-07-09T04:46:05.150Z] [debug] dt: 0.017268020019400865
[2020-07-09T04:46:05.170Z] [debug] dt: 0.020111813966650516
[2020-07-09T04:46:05.188Z] [debug] dt: 0.01720194797962904
[2020-07-09T04:46:05.206Z] [debug] dt: 0.017529940989334136
[2020-07-09T04:46:05.225Z] [debug] dt: 0.018585822021123022
[2020-07-09T04:46:05.242Z] [debug] dt: 0.016799104982055724
[2020-07-09T04:46:05.261Z] [debug] dt: 0.01883437903597951
[2020-07-09T04:46:05.278Z] [debug] dt: 0.017087601008825004
[2020-07-09T04:46:05.296Z] [debug] dt: 0.016963396046776325
[2020-07-09T04:46:05.316Z] [debug] dt: 0.019804772979114205
[2020-07-09T04:46:05.336Z] [debug] dt: 0.02024153497768566
[2020-07-09T04:46:05.356Z] [debug] dt: 0.019497982051689178
[2020-07-09T04:46:05.377Z] [debug] dt: 0.020138314983341843
[2020-07-09T04:46:05.394Z] [debug] dt: 0.01643166900612414
[2020-07-09T04:46:05.411Z] [debug] dt: 0.016755842021666467
[2020-07-09T04:46:05.430Z] [debug] dt: 0.019050466013140976
[2020-07-09T04:46:05.447Z] [debug] dt: 0.01564127701567486
[2020-07-09T04:46:05.465Z] [debug] dt: 0.017770290025509894
[2020-07-09T04:46:05.485Z] [debug] dt: 0.01982252299785614
[2020-07-09T04:46:05.503Z] [debug] dt: 0.0172514240257442
[2020-07-09T04:46:05.520Z] [debug] dt: 0.016471334965899587
[2020-07-09T04:46:05.536Z] [debug] dt: 0.01617888902546838
[2020-07-09T04:46:05.556Z] [debug] dt: 0.01969587296480313
[2020-07-09T04:46:05.576Z] [debug] dt: 0.019682163023389876
[2020-07-09T04:46:05.593Z] [debug] dt: 0.01701808796497062
[2020-07-09T04:46:05.613Z] [debug] dt: 0.018965231021866202
[2020-07-09T04:46:05.629Z] [debug] dt: 0.016374111990444362
[2020-07-09T04:46:05.646Z] [debug] dt: 0.016689727955963463
[2020-07-09T04:46:05.664Z] [debug] dt: 0.017833807040005922
[2020-07-09T04:46:05.681Z] [debug] dt: 0.016628507990390062
[2020-07-09T04:46:05.700Z] [debug] dt: 0.018194471020251513
[2020-07-09T04:46:05.716Z] [debug] dt: 0.016439270053524524
[2020-07-09T04:46:05.735Z] [debug] dt: 0.018134362006094307
[2020-07-09T04:46:05.751Z] [debug] dt: 0.01606123399687931
[2020-07-09T04:46:05.772Z] [debug] dt: 0.02026812598342076
[2020-07-09T04:46:05.790Z] [debug] dt: 0.017890318005811423
[2020-07-09T04:46:05.807Z] [debug] dt: 0.016754076001234353
[2020-07-09T04:46:05.828Z] [debug] dt: 0.020229112007655203
[2020-07-09T04:46:05.845Z] [debug] dt: 0.01732177601661533
[2020-07-09T04:46:05.864Z] [debug] dt: 0.01867920398944989
[2020-07-09T04:46:05.882Z] [debug] dt: 0.01791065896395594
[2020-07-09T04:46:05.901Z] [debug] dt: 0.018617847992572933
[2020-07-09T04:46:05.919Z] [debug] dt: 0.016730679024476558
[2020-07-09T04:46:05.935Z] [debug] dt: 0.01661799696739763
[2020-07-09T04:46:05.956Z] [debug] dt: 0.019968792039435357
[2020-07-09T04:46:05.976Z] [debug] dt: 0.019489935017190874
[2020-07-09T04:46:05.995Z] [debug] dt: 0.018686135997995734
[2020-07-09T04:46:06.011Z] [debug] dt: 0.016444447974208742
[2020-07-09T04:46:06.030Z] [debug] dt: 0.018113030004315078
[2020-07-09T04:46:06.049Z] [debug] dt: 0.01827607600716874
[2020-07-09T04:46:06.065Z] [debug] dt: 0.0164079709793441
[2020-07-09T04:46:06.084Z] [debug] dt: 0.017979200987610966
[2020-07-09T04:46:06.103Z] [debug] dt: 0.018949988996610045
[2020-07-09T04:46:06.121Z] [debug] dt: 0.01781727804336697
[2020-07-09T04:46:06.140Z] [debug] dt: 0.018453288997989148
[2020-07-09T04:46:06.157Z] [debug] dt: 0.016816988005302846
[2020-07-09T04:46:06.178Z] [debug] dt: 0.019892323995009065
[2020-07-09T04:46:06.194Z] [debug] dt: 0.016399774001911283
[2020-07-09T04:46:06.212Z] [debug] dt: 0.017244429036509246
[2020-07-09T04:46:06.231Z] [debug] dt: 0.01900511101121083
[2020-07-09T04:46:06.248Z] [debug] dt: 0.01692044804804027
[2020-07-09T04:46:06.267Z] [debug] dt: 0.018026701000053436
[2020-07-09T04:46:06.287Z] [debug] dt: 0.020093406026717275
[2020-07-09T04:46:06.304Z] [debug] dt: 0.017023305990733206
[2020-07-09T04:46:06.321Z] [debug] dt: 0.01659425999969244
[2020-07-09T04:46:06.340Z] [debug] dt: 0.018272394954692572
[2020-07-09T04:46:06.360Z] [debug] dt: 0.02018129895441234
[2020-07-09T04:46:06.379Z] [debug] dt: 0.018110930977854878
[2020-07-09T04:46:06.396Z] [debug] dt: 0.017029112030286342
[2020-07-09T04:46:06.414Z] [debug] dt: 0.017425649042706937
[2020-07-09T04:46:06.431Z] [debug] dt: 0.016451999021228403
[2020-07-09T04:46:06.447Z] [debug] dt: 0.016599017020780593
[2020-07-09T04:46:06.468Z] [debug] dt: 0.019947091001085937
[2020-07-09T04:46:06.486Z] [debug] dt: 0.017845404043328017
[2020-07-09T04:46:06.505Z] [debug] dt: 0.01891306898323819
[2020-07-09T04:46:06.523Z] [debug] dt: 0.016923272982239723
[2020-07-09T04:46:06.523Z] [debug] disconnected socket 0
[2020-07-09T04:46:06.523Z] [debug] sleeping timer
